\BOOKMARK [3][-]{subsubsection.0.0.1}{\376\377\004\036\004\061\004\076\004\067\004\075\004\060\004\107\004\065\004\075\004\070\004\117}{}% 1
\BOOKMARK [3][-]{subsubsection.0.0.2}{\376\377\000l\000m\000\050\000e\000\051}{}% 2
\BOOKMARK [3][-]{subsubsection.0.0.3}{\376\377\004\042\004\100\004\060\004\065\004\072\004\102\004\076\004\100\004\070\004\070\000.}{}% 3
\BOOKMARK [3][-]{subsubsection.0.0.4}{\376\377\004\037\004\076\004\102\004\065\004\075\004\106\004\070\004\060\004\073\000.}{}% 4
\BOOKMARK [3][-]{subsubsection.0.0.5}{\376\377\004\022\004\113\004\107\004\070\004\101\004\073\004\065\004\075\004\070\004\065\000\040\004\104\004\103\004\075\004\072\004\106\004\070\004\117\000\040\000S\000\050\000u\000\051}{}% 5
\BOOKMARK [3][-]{subsubsection.0.0.6}{\376\377\004\035\004\060\004\105\004\076\004\066\004\064\004\065\004\075\004\070\004\065\000\040\000l\000m\000\050\000e\000\051}{}% 6
\BOOKMARK [3][-]{subsubsection.0.0.7}{\376\377\004\035\004\060\004\105\004\076\004\066\004\064\004\065\004\075\004\070\004\065\000\040\004\072\004\076\004\075\004\106\004\076\004\062\000\040\004\102\004\100\004\060\004\065\004\072\004\102\004\076\004\100\004\070\004\070\000.}{}% 7
\BOOKMARK [3][-]{subsubsection.0.0.8}{\376\377\004\037\004\065\004\100\004\065\004\105\004\076\004\064\000\040\004\070\004\067\000\040\004\104\004\060\004\067\004\076\004\062\004\113\004\105\000\040\004\076\004\061\004\112\004\065\004\074\004\076\004\062}{}% 8
\BOOKMARK [3][-]{subsubsection.0.0.9}{\376\377\004\037\004\100\004\076\004\062\004\065\004\100\004\072\004\070}{}% 9
\BOOKMARK [3][-]{subsubsection.0.0.10}{\376\377\004\035\004\076\004\100\004\074\004\070\004\100\004\076\004\062\004\072\004\060\000\040\004\070\000\040\004\062\004\113\004\107\004\070\004\101\004\073\004\065\004\075\004\070\004\065\000\040\004\070\004\075\004\102\004\065\004\063\004\100\004\060\004\073\004\076\004\062}{}% 10
\BOOKMARK [3][-]{subsubsection.0.0.11}{\376\377\004\043\004\100\004\060\004\062\004\075\004\065\004\075\004\070\004\065\000\040\004\115\004\062\004\076\004\073\004\116\004\106\004\070\004\070\000.}{}% 11
\BOOKMARK [3][-]{subsubsection.0.0.12}{\376\377\004\035\004\065\004\076\004\064\004\075\004\076\004\100\004\076\004\064\004\075\004\076\004\101\004\102\004\070\000.}{}% 12
\BOOKMARK [3][-]{subsubsection.0.0.13}{\376\377\004\041\004\073\004\103\004\107\004\060\004\071\004\075\004\113\004\065\000\040\004\030\004\067\004\076\004\102\004\100\004\076\004\077\004\075\004\113\004\065\000\040\004\035\004\065\004\076\004\064\004\075\004\076\004\100\004\076\004\064\004\075\004\076\004\101\004\102\004\070\000.}{}% 13
\BOOKMARK [2][-]{subsection.0.1}{\376\377\004\035\004\065\004\100\004\060\004\062\004\075\004\076\004\074\004\065\004\100\004\075\004\060\004\117\000\040\004\100\004\065\004\110\004\065\004\102\004\072\004\060}{}% 14
\BOOKMARK [2][-]{subsection.0.2}{\376\377\004\036\004\077\004\102\004\070\004\074\004\070\004\067\004\060\004\106\004\070\004\070\000\040\004\061\004\070\004\075\004\060\000.}{}% 15
\BOOKMARK [3][-]{subsubsection.0.2.1}{\376\377\004\035\004\076\004\062\004\113\004\071\000\040\004\060\004\073\004\063\004\076\004\100\004\070\004\102\004\074\000.}{subsection.0.2}% 16
\BOOKMARK [3][-]{subsubsection.0.2.2}{\376\377\004\036\004\077\004\100\004\065\004\064\004\065\004\073\004\065\004\075\004\070\004\065\000\040\000E\000m\000a\000x\000\040\004\070\000\040\000l\000m\000a\000x}{subsection.0.2}% 17
\BOOKMARK [2][-]{subsection.0.3}{\376\377\004\034\004\076\004\075\004\102\004\065\000-\004\032\004\060\004\100\004\073\004\076\000\040\004\060\004\073\004\063\004\076\004\100\004\070\004\102\004\074\000.}{}% 18
\BOOKMARK [3][-]{subsubsection.0.3.1}{\376\377\004\024\004\065\004\102\004\060\004\073\004\070\000\040\004\100\004\065\004\060\004\073\004\070\004\067\004\060\004\106\004\070\004\070}{subsection.0.3}% 19
\BOOKMARK [3][-]{subsubsection.0.3.2}{\376\377\004\041\004\060\004\074\004\076\004\064\004\065\004\071\004\101\004\102\004\062\004\070\004\065}{subsection.0.3}% 20
